0 info it worked if it ends with ok
1 verbose cli [ 'C:\\Program Files\\nodejs\\node.exe',
1 verbose cli   'C:\\Users\\Administrator\\AppData\\Roaming\\npm\\node_modules\\cnpm\\node_modules\\npm\\bin\\npm-cli.js',
1 verbose cli   '--userconfig=C:\\Users\\Administrator\\.cnpmrc',
1 verbose cli   '--disturl=https://npm.taobao.org/mirrors/node',
1 verbose cli   '--registry=https://registry.npm.taobao.org',
1 verbose cli   'run',
1 verbose cli   'dev' ]
2 info using npm@3.10.7
3 info using node@v6.10.2
4 verbose run-script [ 'predev', 'dev', 'postdev' ]
5 info lifecycle webpack2-demo@1.0.0~predev: webpack2-demo@1.0.0
6 silly lifecycle webpack2-demo@1.0.0~predev: no script for predev, continuing
7 info lifecycle webpack2-demo@1.0.0~dev: webpack2-demo@1.0.0
8 verbose lifecycle webpack2-demo@1.0.0~dev: unsafe-perm in lifecycle true
9 verbose lifecycle webpack2-demo@1.0.0~dev: PATH: C:\Users\Administrator\AppData\Roaming\npm\node_modules\cnpm\node_modules\npm\bin\node-gyp-bin;C:\Users\Administrator\webpack2-mulitiple-pages-startkit\node_modules\.bin;C:\windows\system32;C:\windows;C:\windows\System32\Wbem;C:\windows\System32\WindowsPowerShell\v1.0\;C:\Program Files (x86)\Windows Kits\8.1\Windows Performance Toolkit\;C:\Program Files\Microsoft SQL Server\110\Tools\Binn\;C:\Program Files (x86)\Microsoft SDKs\TypeScript\1.0\;C:\Program Files\TortoiseSVN\bin;C:\Program Files\nodejs\;C:\Program Files\Git\cmd;C:\Python27;C:\Program Files (x86)\Microsoft VS Code\bin;C:\Users\Administrator\AppData\Roaming\npm
10 verbose lifecycle webpack2-demo@1.0.0~dev: CWD: C:\Users\Administrator\webpack2-mulitiple-pages-startkit
11 silly lifecycle webpack2-demo@1.0.0~dev: Args: [ '/d /s /c',
11 silly lifecycle   'webpack-dev-server --progress --colors --hot --inline' ]
12 silly lifecycle webpack2-demo@1.0.0~dev: Returned: code: 1  signal: null
13 info lifecycle webpack2-demo@1.0.0~dev: Failed to exec dev script
14 verbose stack Error: webpack2-demo@1.0.0 dev: `webpack-dev-server --progress --colors --hot --inline`
14 verbose stack Exit status 1
14 verbose stack     at EventEmitter.<anonymous> (C:\Users\Administrator\AppData\Roaming\npm\node_modules\cnpm\node_modules\npm\lib\utils\lifecycle.js:255:16)
14 verbose stack     at emitTwo (events.js:106:13)
14 verbose stack     at EventEmitter.emit (events.js:191:7)
14 verbose stack     at ChildProcess.<anonymous> (C:\Users\Administrator\AppData\Roaming\npm\node_modules\cnpm\node_modules\npm\lib\utils\spawn.js:40:14)
14 verbose stack     at emitTwo (events.js:106:13)
14 verbose stack     at ChildProcess.emit (events.js:191:7)
14 verbose stack     at maybeClose (internal/child_process.js:886:16)
14 verbose stack     at Process.ChildProcess._handle.onexit (internal/child_process.js:226:5)
15 verbose pkgid webpack2-demo@1.0.0
16 verbose cwd C:\Users\Administrator\webpack2-mulitiple-pages-startkit
17 error Windows_NT 6.1.7601
18 error argv "C:\\Program Files\\nodejs\\node.exe" "C:\\Users\\Administrator\\AppData\\Roaming\\npm\\node_modules\\cnpm\\node_modules\\npm\\bin\\npm-cli.js" "--userconfig=C:\\Users\\Administrator\\.cnpmrc" "--disturl=https://npm.taobao.org/mirrors/node" "--registry=https://registry.npm.taobao.org" "run" "dev"
19 error node v6.10.2
20 error npm  v3.10.7
21 error code ELIFECYCLE
22 error webpack2-demo@1.0.0 dev: `webpack-dev-server --progress --colors --hot --inline`
22 error Exit status 1
23 error Failed at the webpack2-demo@1.0.0 dev script 'webpack-dev-server --progress --colors --hot --inline'.
23 error Make sure you have the latest version of node.js and npm installed.
23 error If you do, this is most likely a problem with the webpack2-demo package,
23 error not with npm itself.
23 error Tell the author that this fails on your system:
23 error     webpack-dev-server --progress --colors --hot --inline
23 error You can get information on how to open an issue for this project with:
23 error     npm bugs webpack2-demo
23 error Or if that isn't available, you can get their info via:
23 error     npm owner ls webpack2-demo
23 error There is likely additional logging output above.
24 verbose exit [ 1, true ]
